<?xml version="1.0" encoding="UTF-8"?>
<!-- Generated by org.testng.reporters.JUnitReportReporter -->
<testsuite hostname="Lenovo-PC" failures="0" tests="1" name="TestCase.LoginTest" time="10.543" errors="0" timestamp="21 Apr 2018 09:10:20 GMT" skipped="0">
  <testcase classname="TestCase.LoginTest" name="start" time="10.543"/>
</testsuite> <!-- TestCase.LoginTest -->
