<?xml version="1.0" encoding="UTF-8"?>
<!-- Generated by org.testng.reporters.JUnitReportReporter -->
<testsuite skipped="0" hostname="Finatel-01" name="TestCase.LoginPageTest" tests="3" failures="0" timestamp="25 Jul 2018 09:16:23 GMT" time="29.482" errors="0">
  <testcase name="ValidateTitle" time="8.775" classname="TestCase.LoginPageTest"/>
  <testcase name="ValidateLogo" time="8.782" classname="TestCase.LoginPageTest"/>
  <testcase name="ValidateLogin" time="11.925" classname="TestCase.LoginPageTest"/>
</testsuite> <!-- TestCase.LoginPageTest -->
