<?xml version="1.0" encoding="UTF-8"?>
<!-- Generated by org.testng.reporters.JUnitReportReporter -->
<testsuite hostname="Lenovo-PC" failures="0" tests="2" name="TestCase.DocumentPagseTest" time="43.072" errors="0" timestamp="21 Apr 2018 12:57:29 GMT" skipped="1">
  <testcase classname="TestCase.DocumentPagseTest" name="ValidateNewDoc" time="43.072"/>
  <testcase classname="TestCase.DocumentPagseTest" name="ValidateDocs">
    <skipped/>
  </testcase> <!-- ValidateDocs -->
</testsuite> <!-- TestCase.DocumentPagseTest -->
