<?xml version="1.0" encoding="UTF-8"?>
<!-- Generated by org.testng.reporters.JUnitReportReporter -->
<testsuite skipped="0" hostname="Finatel-01" name="TestCase.ContactsPageTest" tests="1" failures="0" timestamp="24 May 2018 04:42:48 GMT" time="22.794" errors="0">
  <testcase name="CompanyClick" time="22.794" classname="TestCase.ContactsPageTest"/>
</testsuite> <!-- TestCase.ContactsPageTest -->
