<?xml version="1.0" encoding="UTF-8"?>
<!-- Generated by org.testng.reporters.JUnitReportReporter -->
<testsuite skipped="1" hostname="Finatel-01" name="TestCase.FormPageTest" tests="1" failures="0" timestamp="23 May 2018 12:41:28 GMT" time="0.000" errors="0">
  <testcase name="ValidateNewFormClick" time="0.000" classname="TestCase.FormPageTest">
    <skipped/>
  </testcase> <!-- ValidateNewFormClick -->
</testsuite> <!-- TestCase.FormPageTest -->
