<?xml version="1.0" encoding="UTF-8"?>
<!-- Generated by org.testng.reporters.JUnitReportReporter -->
<testsuite skipped="0" hostname="Finatel-01" name="TestCase.DocumentPageTest" tests="1" failures="0" timestamp="25 Jul 2018 09:16:23 GMT" time="36.410" errors="0">
  <testcase name="ValidateNewDoc" time="36.410" classname="TestCase.DocumentPageTest"/>
</testsuite> <!-- TestCase.DocumentPageTest -->
