<?xml version="1.0" encoding="UTF-8"?>
<!-- Generated by org.testng.reporters.JUnitReportReporter -->
<testsuite hostname="Lenovo-PC" failures="0" tests="2" name="TestCase.SingUpPageTest" time="44.760" errors="0" timestamp="21 Apr 2018 12:44:54 GMT" skipped="0">
  <testcase classname="TestCase.SingUpPageTest" name="ValidateFormFill" time="22.435"/>
  <testcase classname="TestCase.SingUpPageTest" name="ValidateTitle" time="22.325"/>
</testsuite> <!-- TestCase.SingUpPageTest -->
