<?xml version="1.0" encoding="UTF-8"?>
<!-- Generated by org.testng.reporters.JUnitReportReporter -->
<testsuite skipped="0" hostname="Finatel-01" name="TestCase.ReportPageTest" tests="1" failures="0" timestamp="25 Jul 2018 09:16:23 GMT" time="30.891" errors="0">
  <testcase name="ReportClickable" time="30.891" classname="TestCase.ReportPageTest"/>
</testsuite> <!-- TestCase.ReportPageTest -->
