<?xml version="1.0" encoding="UTF-8"?>
<!-- Generated by org.testng.reporters.JUnitReportReporter -->
<testsuite skipped="0" hostname="Finatel-01" name="TestCase.LoginPageTest" tests="3" failures="0" timestamp="23 May 2018 12:41:27 GMT" time="42.198" errors="0">
  <testcase name="ValidateTitle" time="12.163" classname="TestCase.LoginPageTest"/>
  <testcase name="ValidateLogo" time="10.970" classname="TestCase.LoginPageTest"/>
  <testcase name="ValidateLogin" time="19.065" classname="TestCase.LoginPageTest"/>
</testsuite> <!-- TestCase.LoginPageTest -->
