<?xml version="1.0" encoding="UTF-8"?>
<!-- Generated by org.testng.reporters.JUnitReportReporter -->
<testsuite skipped="0" hostname="Finatel-01" name="TestCase.ReportPageTest" tests="1" failures="0" timestamp="23 May 2018 12:41:28 GMT" time="49.604" errors="0">
  <testcase name="ReportClickable" time="49.604" classname="TestCase.ReportPageTest"/>
</testsuite> <!-- TestCase.ReportPageTest -->
